[2025-12-17 15:32:53.514] [info] Loaded model subject01 from file scaled_mouse.osim
[2025-12-17 15:32:53.514] [warning] Couldn't find file 'GeomJan01242023\Bones_Scapula.stl'.
[2025-12-17 15:32:53.514] [warning] Couldn't find file 'GeomJan01242023\Bone_Segmentation_Humerus.stl'.
[2025-12-17 15:32:53.515] [warning] Couldn't find file 'GeomJan01242023\Bone_Segments_Ulna.stl'.
[2025-12-17 15:32:53.515] [warning] Couldn't find file 'GeomJan01242023\Bone_Segments_Hand.stl'.
[2025-12-17 15:32:53.515] [warning] Couldn't find file 'GeomJan01242023\Bone_Segments_Radius.stl'.
[2025-12-17 15:32:53.515] [warning] Couldn't find file 'GeomJan01242023\Bone_Segmentation_Segment_8.stl'.
[2025-12-17 16:23:46.992] [info] Loaded model subject01 from file scaled_mouse.osim
[2025-12-17 16:23:46.993] [warning] Couldn't find file 'GeomJan01242023\Bones_Scapula.stl'.
[2025-12-17 16:23:46.993] [warning] Couldn't find file 'GeomJan01242023\Bone_Segmentation_Humerus.stl'.
[2025-12-17 16:23:46.993] [warning] Couldn't find file 'GeomJan01242023\Bone_Segments_Ulna.stl'.
[2025-12-17 16:23:46.993] [warning] Couldn't find file 'GeomJan01242023\Bone_Segments_Hand.stl'.
[2025-12-17 16:23:46.993] [warning] Couldn't find file 'GeomJan01242023\Bone_Segments_Radius.stl'.
[2025-12-17 16:23:46.993] [warning] Couldn't find file 'GeomJan01242023\Bone_Segmentation_Segment_8.stl'.
[2025-12-17 16:26:07.646] [info] Loaded model subject01 from file scaled_mouse.osim
[2025-12-17 16:26:07.647] [warning] Couldn't find file 'GeomJan01242023\Bones_Scapula.stl'.
[2025-12-17 16:26:07.647] [warning] Couldn't find file 'GeomJan01242023\Bone_Segmentation_Humerus.stl'.
[2025-12-17 16:26:07.647] [warning] Couldn't find file 'GeomJan01242023\Bone_Segments_Ulna.stl'.
[2025-12-17 16:26:07.647] [warning] Couldn't find file 'GeomJan01242023\Bone_Segments_Hand.stl'.
[2025-12-17 16:26:07.647] [warning] Couldn't find file 'GeomJan01242023\Bone_Segments_Radius.stl'.
[2025-12-17 16:26:07.647] [warning] Couldn't find file 'GeomJan01242023\Bone_Segmentation_Segment_8.stl'.
[2025-12-17 16:29:15.605] [info] Loaded model subject01 from file scaled_mouse.osim
[2025-12-17 16:29:15.605] [warning] Couldn't find file 'GeomJan01242023\Bones_Scapula.stl'.
[2025-12-17 16:29:15.605] [warning] Couldn't find file 'GeomJan01242023\Bone_Segmentation_Humerus.stl'.
[2025-12-17 16:29:15.605] [warning] Couldn't find file 'GeomJan01242023\Bone_Segments_Ulna.stl'.
[2025-12-17 16:29:15.605] [warning] Couldn't find file 'GeomJan01242023\Bone_Segments_Hand.stl'.
[2025-12-17 16:29:15.605] [warning] Couldn't find file 'GeomJan01242023\Bone_Segments_Radius.stl'.
[2025-12-17 16:29:15.605] [warning] Couldn't find file 'GeomJan01242023\Bone_Segmentation_Segment_8.stl'.
[2025-12-17 16:39:06.282] [info] Loaded model subject01 from file scaled_mouse.osim
[2025-12-17 16:39:06.282] [warning] Couldn't find file 'GeomJan01242023\Bones_Scapula.stl'.
[2025-12-17 16:39:06.282] [warning] Couldn't find file 'GeomJan01242023\Bone_Segmentation_Humerus.stl'.
[2025-12-17 16:39:06.282] [warning] Couldn't find file 'GeomJan01242023\Bone_Segments_Ulna.stl'.
[2025-12-17 16:39:06.282] [warning] Couldn't find file 'GeomJan01242023\Bone_Segments_Hand.stl'.
[2025-12-17 16:39:06.282] [warning] Couldn't find file 'GeomJan01242023\Bone_Segments_Radius.stl'.
[2025-12-17 16:39:06.282] [warning] Couldn't find file 'GeomJan01242023\Bone_Segmentation_Segment_8.stl'.
[2025-12-17 16:45:06.976] [info] Loaded model subject01 from file scaled_mouse.osim
[2025-12-17 16:45:06.976] [warning] Couldn't find file 'GeomJan01242023\Bones_Scapula.stl'.
[2025-12-17 16:45:06.976] [warning] Couldn't find file 'GeomJan01242023\Bone_Segmentation_Humerus.stl'.
[2025-12-17 16:45:06.976] [warning] Couldn't find file 'GeomJan01242023\Bone_Segments_Ulna.stl'.
[2025-12-17 16:45:06.976] [warning] Couldn't find file 'GeomJan01242023\Bone_Segments_Hand.stl'.
[2025-12-17 16:45:06.976] [warning] Couldn't find file 'GeomJan01242023\Bone_Segments_Radius.stl'.
[2025-12-17 16:45:06.976] [warning] Couldn't find file 'GeomJan01242023\Bone_Segmentation_Segment_8.stl'.
[2025-12-17 16:52:01.767] [info] Loaded model subject01 from file scaled_mouse.osim
[2025-12-17 16:52:01.767] [warning] Couldn't find file 'GeomJan01242023\Bones_Scapula.stl'.
[2025-12-17 16:52:01.767] [warning] Couldn't find file 'GeomJan01242023\Bone_Segmentation_Humerus.stl'.
[2025-12-17 16:52:01.767] [warning] Couldn't find file 'GeomJan01242023\Bone_Segments_Ulna.stl'.
[2025-12-17 16:52:01.768] [warning] Couldn't find file 'GeomJan01242023\Bone_Segments_Hand.stl'.
[2025-12-17 16:52:01.768] [warning] Couldn't find file 'GeomJan01242023\Bone_Segments_Radius.stl'.
[2025-12-17 16:52:01.768] [warning] Couldn't find file 'GeomJan01242023\Bone_Segmentation_Segment_8.stl'.
[2025-12-17 17:06:47.597] [info] Loaded model subject01 from file scaled_mouse.osim
[2025-12-17 17:06:47.598] [warning] Couldn't find file 'GeomJan01242023\Bones_Scapula.stl'.
[2025-12-17 17:06:47.598] [warning] Couldn't find file 'GeomJan01242023\Bone_Segmentation_Humerus.stl'.
[2025-12-17 17:06:47.598] [warning] Couldn't find file 'GeomJan01242023\Bone_Segments_Ulna.stl'.
[2025-12-17 17:06:47.598] [warning] Couldn't find file 'GeomJan01242023\Bone_Segments_Hand.stl'.
[2025-12-17 17:06:47.598] [warning] Couldn't find file 'GeomJan01242023\Bone_Segments_Radius.stl'.
[2025-12-17 17:06:47.598] [warning] Couldn't find file 'GeomJan01242023\Bone_Segmentation_Segment_8.stl'.
[2025-12-17 17:07:27.061] [info] Loaded model subject01 from file scaled_mouse.osim
[2025-12-17 17:07:27.061] [warning] Couldn't find file 'GeomJan01242023\Bones_Scapula.stl'.
[2025-12-17 17:07:27.061] [warning] Couldn't find file 'GeomJan01242023\Bone_Segmentation_Humerus.stl'.
[2025-12-17 17:07:27.061] [warning] Couldn't find file 'GeomJan01242023\Bone_Segments_Ulna.stl'.
[2025-12-17 17:07:27.061] [warning] Couldn't find file 'GeomJan01242023\Bone_Segments_Hand.stl'.
[2025-12-17 17:07:27.061] [warning] Couldn't find file 'GeomJan01242023\Bone_Segments_Radius.stl'.
[2025-12-17 17:07:27.061] [warning] Couldn't find file 'GeomJan01242023\Bone_Segmentation_Segment_8.stl'.
[2025-12-17 17:08:50.245] [info] Loaded model subject01 from file scaled_mouse.osim
[2025-12-17 17:08:50.245] [warning] Couldn't find file 'GeomJan01242023\Bones_Scapula.stl'.
[2025-12-17 17:08:50.245] [warning] Couldn't find file 'GeomJan01242023\Bone_Segmentation_Humerus.stl'.
[2025-12-17 17:08:50.245] [warning] Couldn't find file 'GeomJan01242023\Bone_Segments_Ulna.stl'.
[2025-12-17 17:08:50.245] [warning] Couldn't find file 'GeomJan01242023\Bone_Segments_Hand.stl'.
[2025-12-17 17:08:50.245] [warning] Couldn't find file 'GeomJan01242023\Bone_Segments_Radius.stl'.
[2025-12-17 17:08:50.245] [warning] Couldn't find file 'GeomJan01242023\Bone_Segmentation_Segment_8.stl'.
[2025-12-17 17:09:56.677] [info] Loaded model subject01 from file scaled_mouse.osim
[2025-12-17 17:09:56.678] [warning] Couldn't find file 'GeomJan01242023\Bones_Scapula.stl'.
[2025-12-17 17:09:56.678] [warning] Couldn't find file 'GeomJan01242023\Bone_Segmentation_Humerus.stl'.
[2025-12-17 17:09:56.678] [warning] Couldn't find file 'GeomJan01242023\Bone_Segments_Ulna.stl'.
[2025-12-17 17:09:56.678] [warning] Couldn't find file 'GeomJan01242023\Bone_Segments_Hand.stl'.
[2025-12-17 17:09:56.678] [warning] Couldn't find file 'GeomJan01242023\Bone_Segments_Radius.stl'.
[2025-12-17 17:09:56.678] [warning] Couldn't find file 'GeomJan01242023\Bone_Segmentation_Segment_8.stl'.
[2025-12-17 17:12:34.010] [info] Loaded model subject01 from file scaled_mouse.osim
[2025-12-17 17:12:34.010] [warning] Couldn't find file 'GeomJan01242023\Bones_Scapula.stl'.
[2025-12-17 17:12:34.010] [warning] Couldn't find file 'GeomJan01242023\Bone_Segmentation_Humerus.stl'.
[2025-12-17 17:12:34.010] [warning] Couldn't find file 'GeomJan01242023\Bone_Segments_Ulna.stl'.
[2025-12-17 17:12:34.010] [warning] Couldn't find file 'GeomJan01242023\Bone_Segments_Hand.stl'.
[2025-12-17 17:12:34.010] [warning] Couldn't find file 'GeomJan01242023\Bone_Segments_Radius.stl'.
[2025-12-17 17:12:34.010] [warning] Couldn't find file 'GeomJan01242023\Bone_Segmentation_Segment_8.stl'.
[2025-12-17 17:20:05.195] [info] Loaded model subject01 from file scaled_mouse.osim
[2025-12-17 17:20:05.195] [warning] Couldn't find file 'GeomJan01242023\Bones_Scapula.stl'.
[2025-12-17 17:20:05.196] [warning] Couldn't find file 'GeomJan01242023\Bone_Segmentation_Humerus.stl'.
[2025-12-17 17:20:05.196] [warning] Couldn't find file 'GeomJan01242023\Bone_Segments_Ulna.stl'.
[2025-12-17 17:20:05.196] [warning] Couldn't find file 'GeomJan01242023\Bone_Segments_Hand.stl'.
[2025-12-17 17:20:05.196] [warning] Couldn't find file 'GeomJan01242023\Bone_Segments_Radius.stl'.
[2025-12-17 17:20:05.196] [warning] Couldn't find file 'GeomJan01242023\Bone_Segmentation_Segment_8.stl'.
[2025-12-17 17:22:46.726] [info] Loaded model subject01 from file scaled_mouse.osim
[2025-12-17 17:22:46.726] [warning] Couldn't find file 'GeomJan01242023\Bones_Scapula.stl'.
[2025-12-17 17:22:46.726] [warning] Couldn't find file 'GeomJan01242023\Bone_Segmentation_Humerus.stl'.
[2025-12-17 17:22:46.726] [warning] Couldn't find file 'GeomJan01242023\Bone_Segments_Ulna.stl'.
[2025-12-17 17:22:46.726] [warning] Couldn't find file 'GeomJan01242023\Bone_Segments_Hand.stl'.
[2025-12-17 17:22:46.726] [warning] Couldn't find file 'GeomJan01242023\Bone_Segments_Radius.stl'.
[2025-12-17 17:22:46.726] [warning] Couldn't find file 'GeomJan01242023\Bone_Segmentation_Segment_8.stl'.
[2025-12-17 17:24:10.996] [info] Loaded model subject01 from file scaled_mouse.osim
[2025-12-17 17:24:10.997] [warning] Couldn't find file 'GeomJan01242023\Bones_Scapula.stl'.
[2025-12-17 17:24:10.997] [warning] Couldn't find file 'GeomJan01242023\Bone_Segmentation_Humerus.stl'.
[2025-12-17 17:24:10.997] [warning] Couldn't find file 'GeomJan01242023\Bone_Segments_Ulna.stl'.
[2025-12-17 17:24:10.997] [warning] Couldn't find file 'GeomJan01242023\Bone_Segments_Hand.stl'.
[2025-12-17 17:24:10.997] [warning] Couldn't find file 'GeomJan01242023\Bone_Segments_Radius.stl'.
[2025-12-17 17:24:10.997] [warning] Couldn't find file 'GeomJan01242023\Bone_Segmentation_Segment_8.stl'.
[2025-12-17 17:29:28.404] [info] Loaded model subject01 from file scaled_mouse.osim
[2025-12-17 17:31:54.551] [info] Loaded model subject01 from file scaled_mouse.osim
[2025-12-17 17:31:54.551] [warning] Couldn't find file 'GeomJan01242023\Bones_Scapula.stl'.
[2025-12-17 17:31:54.551] [warning] Couldn't find file 'GeomJan01242023\Bone_Segmentation_Humerus.stl'.
[2025-12-17 17:31:54.551] [warning] Couldn't find file 'GeomJan01242023\Bone_Segments_Ulna.stl'.
[2025-12-17 17:31:54.551] [warning] Couldn't find file 'GeomJan01242023\Bone_Segments_Hand.stl'.
[2025-12-17 17:31:54.551] [warning] Couldn't find file 'GeomJan01242023\Bone_Segments_Radius.stl'.
[2025-12-17 17:31:54.551] [warning] Couldn't find file 'GeomJan01242023\Bone_Segmentation_Segment_8.stl'.
[2025-12-17 17:33:54.867] [info] Loaded model subject01 from file scaled_mouse.osim
[2025-12-17 17:33:56.858] [info] Loaded model subject01 from file scaled_mouse.osim
[2025-12-17 17:33:58.841] [info] Loaded model subject01 from file scaled_mouse.osim
[2025-12-17 17:34:00.809] [info] Loaded model subject01 from file scaled_mouse.osim
[2025-12-17 17:35:31.059] [info] Loaded model subject01 from file scaled_mouse.osim
[2025-12-17 17:35:31.059] [warning] Couldn't find file 'GeomJan01242023\Bones_Scapula.stl'.
[2025-12-17 17:35:31.059] [warning] Couldn't find file 'GeomJan01242023\Bone_Segmentation_Humerus.stl'.
[2025-12-17 17:35:31.059] [warning] Couldn't find file 'GeomJan01242023\Bone_Segments_Ulna.stl'.
[2025-12-17 17:35:31.059] [warning] Couldn't find file 'GeomJan01242023\Bone_Segments_Hand.stl'.
[2025-12-17 17:35:31.059] [warning] Couldn't find file 'GeomJan01242023\Bone_Segments_Radius.stl'.
[2025-12-17 17:35:31.059] [warning] Couldn't find file 'GeomJan01242023\Bone_Segmentation_Segment_8.stl'.
[2025-12-17 17:35:32.984] [info] Loaded model subject01 from file scaled_mouse.osim
[2025-12-17 17:35:32.984] [warning] Couldn't find file 'GeomJan01242023\Bones_Scapula.stl'.
[2025-12-17 17:35:32.984] [warning] Couldn't find file 'GeomJan01242023\Bone_Segmentation_Humerus.stl'.
[2025-12-17 17:35:32.984] [warning] Couldn't find file 'GeomJan01242023\Bone_Segments_Ulna.stl'.
[2025-12-17 17:35:32.984] [warning] Couldn't find file 'GeomJan01242023\Bone_Segments_Hand.stl'.
[2025-12-17 17:35:32.984] [warning] Couldn't find file 'GeomJan01242023\Bone_Segments_Radius.stl'.
[2025-12-17 17:35:32.984] [warning] Couldn't find file 'GeomJan01242023\Bone_Segmentation_Segment_8.stl'.
[2025-12-17 17:35:34.888] [info] Loaded model subject01 from file scaled_mouse.osim
[2025-12-17 17:35:34.889] [warning] Couldn't find file 'GeomJan01242023\Bones_Scapula.stl'.
[2025-12-17 17:35:34.889] [warning] Couldn't find file 'GeomJan01242023\Bone_Segmentation_Humerus.stl'.
[2025-12-17 17:35:34.889] [warning] Couldn't find file 'GeomJan01242023\Bone_Segments_Ulna.stl'.
[2025-12-17 17:35:34.889] [warning] Couldn't find file 'GeomJan01242023\Bone_Segments_Hand.stl'.
[2025-12-17 17:35:34.889] [warning] Couldn't find file 'GeomJan01242023\Bone_Segments_Radius.stl'.
[2025-12-17 17:35:34.889] [warning] Couldn't find file 'GeomJan01242023\Bone_Segmentation_Segment_8.stl'.
[2025-12-17 17:35:36.802] [info] Loaded model subject01 from file scaled_mouse.osim
[2025-12-17 17:35:36.802] [warning] Couldn't find file 'GeomJan01242023\Bones_Scapula.stl'.
[2025-12-17 17:35:36.802] [warning] Couldn't find file 'GeomJan01242023\Bone_Segmentation_Humerus.stl'.
[2025-12-17 17:35:36.802] [warning] Couldn't find file 'GeomJan01242023\Bone_Segments_Ulna.stl'.
[2025-12-17 17:35:36.802] [warning] Couldn't find file 'GeomJan01242023\Bone_Segments_Hand.stl'.
[2025-12-17 17:35:36.802] [warning] Couldn't find file 'GeomJan01242023\Bone_Segments_Radius.stl'.
[2025-12-17 17:35:36.802] [warning] Couldn't find file 'GeomJan01242023\Bone_Segmentation_Segment_8.stl'.
[2025-12-17 17:41:06.018] [info] Loaded model subject01 from file scaled_mouse.osim
[2025-12-17 17:41:06.256] [info] Loaded model subject01 from file scaled_mouse.osim
[2025-12-17 17:41:06.450] [info] Loaded model subject01 from file scaled_mouse.osim
[2025-12-17 17:41:06.641] [info] Loaded model subject01 from file scaled_mouse.osim
[2025-12-17 17:41:06.835] [info] Loaded model subject01 from file scaled_mouse.osim
[2025-12-17 17:41:07.029] [info] Loaded model subject01 from file scaled_mouse.osim
[2025-12-17 17:41:07.219] [info] Loaded model subject01 from file scaled_mouse.osim
[2025-12-17 17:41:07.411] [info] Loaded model subject01 from file scaled_mouse.osim
[2025-12-17 17:41:07.603] [info] Loaded model subject01 from file scaled_mouse.osim
[2025-12-17 17:41:07.794] [info] Loaded model subject01 from file scaled_mouse.osim
[2025-12-17 17:41:07.984] [info] Loaded model subject01 from file scaled_mouse.osim
[2025-12-17 17:41:08.177] [info] Loaded model subject01 from file scaled_mouse.osim
[2025-12-17 17:41:08.368] [info] Loaded model subject01 from file scaled_mouse.osim
[2025-12-17 17:41:08.563] [info] Loaded model subject01 from file scaled_mouse.osim
[2025-12-17 17:41:08.764] [info] Loaded model subject01 from file scaled_mouse.osim
[2025-12-17 17:41:08.961] [info] Loaded model subject01 from file scaled_mouse.osim
[2025-12-17 17:41:09.156] [info] Loaded model subject01 from file scaled_mouse.osim
[2025-12-17 17:41:09.347] [info] Loaded model subject01 from file scaled_mouse.osim
[2025-12-17 17:41:09.539] [info] Loaded model subject01 from file scaled_mouse.osim
[2025-12-17 17:41:09.733] [info] Loaded model subject01 from file scaled_mouse.osim
[2025-12-17 17:41:09.924] [info] Loaded model subject01 from file scaled_mouse.osim
[2025-12-17 17:41:10.119] [info] Loaded model subject01 from file scaled_mouse.osim
[2025-12-17 17:41:10.311] [info] Loaded model subject01 from file scaled_mouse.osim
[2025-12-17 17:41:10.498] [info] Loaded model subject01 from file scaled_mouse.osim
[2025-12-17 17:41:10.688] [info] Loaded model subject01 from file scaled_mouse.osim
[2025-12-17 17:41:10.879] [info] Loaded model subject01 from file scaled_mouse.osim
[2025-12-17 17:41:11.068] [info] Loaded model subject01 from file scaled_mouse.osim
[2025-12-17 17:41:11.260] [info] Loaded model subject01 from file scaled_mouse.osim
[2025-12-17 17:41:11.453] [info] Loaded model subject01 from file scaled_mouse.osim
[2025-12-17 17:41:11.650] [info] Loaded model subject01 from file scaled_mouse.osim
[2025-12-17 17:41:11.855] [info] Loaded model subject01 from file scaled_mouse.osim
[2025-12-17 17:41:12.050] [info] Loaded model subject01 from file scaled_mouse.osim
[2025-12-17 17:41:12.238] [info] Loaded model subject01 from file scaled_mouse.osim
[2025-12-17 17:41:12.437] [info] Loaded model subject01 from file scaled_mouse.osim
[2025-12-17 17:41:12.632] [info] Loaded model subject01 from file scaled_mouse.osim
[2025-12-17 17:41:12.825] [info] Loaded model subject01 from file scaled_mouse.osim
[2025-12-17 17:41:13.024] [info] Loaded model subject01 from file scaled_mouse.osim
[2025-12-17 17:41:13.223] [info] Loaded model subject01 from file scaled_mouse.osim
[2025-12-17 17:41:13.422] [info] Loaded model subject01 from file scaled_mouse.osim
[2025-12-17 17:41:13.617] [info] Loaded model subject01 from file scaled_mouse.osim
[2025-12-17 17:41:13.805] [info] Loaded model subject01 from file scaled_mouse.osim
[2025-12-17 17:41:13.993] [info] Loaded model subject01 from file scaled_mouse.osim
[2025-12-17 17:41:14.179] [info] Loaded model subject01 from file scaled_mouse.osim
[2025-12-17 17:41:14.366] [info] Loaded model subject01 from file scaled_mouse.osim
[2025-12-17 17:41:14.557] [info] Loaded model subject01 from file scaled_mouse.osim
[2025-12-17 17:41:14.752] [info] Loaded model subject01 from file scaled_mouse.osim
[2025-12-17 17:41:14.952] [info] Loaded model subject01 from file scaled_mouse.osim
[2025-12-17 17:41:15.139] [info] Loaded model subject01 from file scaled_mouse.osim
[2025-12-17 17:41:15.327] [info] Loaded model subject01 from file scaled_mouse.osim
[2025-12-17 17:41:15.537] [info] Loaded model subject01 from file scaled_mouse.osim
[2025-12-17 17:41:15.724] [info] Loaded model subject01 from file scaled_mouse.osim
[2025-12-17 17:41:15.916] [info] Loaded model subject01 from file scaled_mouse.osim
[2025-12-17 17:41:16.104] [info] Loaded model subject01 from file scaled_mouse.osim
[2025-12-17 17:41:16.291] [info] Loaded model subject01 from file scaled_mouse.osim
[2025-12-17 17:41:16.483] [info] Loaded model subject01 from file scaled_mouse.osim
[2025-12-17 17:41:16.676] [info] Loaded model subject01 from file scaled_mouse.osim
[2025-12-17 17:41:16.868] [info] Loaded model subject01 from file scaled_mouse.osim
[2025-12-17 17:41:17.063] [info] Loaded model subject01 from file scaled_mouse.osim
[2025-12-17 17:41:17.267] [info] Loaded model subject01 from file scaled_mouse.osim
[2025-12-17 17:41:17.459] [info] Loaded model subject01 from file scaled_mouse.osim
[2025-12-17 17:41:17.662] [info] Loaded model subject01 from file scaled_mouse.osim
[2025-12-17 17:41:17.949] [info] Loaded model subject01 from file scaled_mouse.osim
[2025-12-17 17:41:18.170] [info] Loaded model subject01 from file scaled_mouse.osim
[2025-12-17 17:41:18.413] [info] Loaded model subject01 from file scaled_mouse.osim
[2025-12-17 17:41:18.637] [info] Loaded model subject01 from file scaled_mouse.osim
[2025-12-17 17:41:18.903] [info] Loaded model subject01 from file scaled_mouse.osim
[2025-12-17 17:41:19.130] [info] Loaded model subject01 from file scaled_mouse.osim
[2025-12-17 17:41:19.370] [info] Loaded model subject01 from file scaled_mouse.osim
[2025-12-17 17:41:19.591] [info] Loaded model subject01 from file scaled_mouse.osim
[2025-12-17 17:41:19.802] [info] Loaded model subject01 from file scaled_mouse.osim
[2025-12-17 17:41:20.045] [info] Loaded model subject01 from file scaled_mouse.osim
[2025-12-17 17:41:20.288] [info] Loaded model subject01 from file scaled_mouse.osim
[2025-12-17 17:41:20.531] [info] Loaded model subject01 from file scaled_mouse.osim
[2025-12-17 17:41:20.776] [info] Loaded model subject01 from file scaled_mouse.osim
[2025-12-17 17:41:21.025] [info] Loaded model subject01 from file scaled_mouse.osim
[2025-12-17 17:41:21.258] [info] Loaded model subject01 from file scaled_mouse.osim
[2025-12-17 17:41:21.477] [info] Loaded model subject01 from file scaled_mouse.osim
[2025-12-17 17:41:21.698] [info] Loaded model subject01 from file scaled_mouse.osim
[2025-12-17 17:41:21.918] [info] Loaded model subject01 from file scaled_mouse.osim
[2025-12-17 17:41:22.161] [info] Loaded model subject01 from file scaled_mouse.osim
[2025-12-17 17:41:22.505] [info] Loaded model subject01 from file scaled_mouse.osim
[2025-12-17 17:41:22.707] [info] Loaded model subject01 from file scaled_mouse.osim
[2025-12-17 17:41:22.929] [info] Loaded model subject01 from file scaled_mouse.osim
[2025-12-17 17:41:23.187] [info] Loaded model subject01 from file scaled_mouse.osim
[2025-12-17 17:41:23.417] [info] Loaded model subject01 from file scaled_mouse.osim
[2025-12-17 17:41:23.654] [info] Loaded model subject01 from file scaled_mouse.osim
[2025-12-17 17:41:23.884] [info] Loaded model subject01 from file scaled_mouse.osim
[2025-12-17 17:41:24.118] [info] Loaded model subject01 from file scaled_mouse.osim
[2025-12-17 17:41:24.328] [info] Loaded model subject01 from file scaled_mouse.osim
[2025-12-17 17:41:24.594] [info] Loaded model subject01 from file scaled_mouse.osim
[2025-12-17 17:41:24.850] [info] Loaded model subject01 from file scaled_mouse.osim
[2025-12-17 17:41:25.122] [info] Loaded model subject01 from file scaled_mouse.osim
[2025-12-17 17:41:25.337] [info] Loaded model subject01 from file scaled_mouse.osim
[2025-12-17 17:41:25.564] [info] Loaded model subject01 from file scaled_mouse.osim
[2025-12-17 17:41:25.823] [info] Loaded model subject01 from file scaled_mouse.osim
[2025-12-17 17:41:26.121] [info] Loaded model subject01 from file scaled_mouse.osim
[2025-12-17 17:41:26.354] [info] Loaded model subject01 from file scaled_mouse.osim
[2025-12-17 17:41:26.591] [info] Loaded model subject01 from file scaled_mouse.osim
[2025-12-17 17:41:26.846] [info] Loaded model subject01 from file scaled_mouse.osim
[2025-12-17 17:41:27.058] [info] Loaded model subject01 from file scaled_mouse.osim
[2025-12-17 17:41:27.259] [info] Loaded model subject01 from file scaled_mouse.osim
[2025-12-17 17:55:54.662] [info] Loaded model subject01 from file scaled_mouse.osim
[2025-12-17 17:55:54.662] [warning] Couldn't find file 'GeomJan01242023\Bones_Scapula.stl'.
[2025-12-17 17:55:54.662] [warning] Couldn't find file 'GeomJan01242023\Bone_Segmentation_Humerus.stl'.
[2025-12-17 17:55:54.662] [warning] Couldn't find file 'GeomJan01242023\Bone_Segments_Ulna.stl'.
[2025-12-17 17:55:54.663] [warning] Couldn't find file 'GeomJan01242023\Bone_Segments_Hand.stl'.
[2025-12-17 17:55:54.663] [warning] Couldn't find file 'GeomJan01242023\Bone_Segments_Radius.stl'.
[2025-12-17 17:55:54.663] [warning] Couldn't find file 'GeomJan01242023\Bone_Segmentation_Segment_8.stl'.
[2025-12-17 17:58:29.472] [info] Loaded model subject01 from file scaled_mouse.osim
[2025-12-17 17:58:29.473] [warning] Couldn't find file 'GeomJan01242023\Bones_Scapula.stl'.
[2025-12-17 17:58:29.473] [warning] Couldn't find file 'GeomJan01242023\Bone_Segmentation_Humerus.stl'.
[2025-12-17 17:58:29.473] [warning] Couldn't find file 'GeomJan01242023\Bone_Segments_Ulna.stl'.
[2025-12-17 17:58:29.473] [warning] Couldn't find file 'GeomJan01242023\Bone_Segments_Hand.stl'.
[2025-12-17 17:58:29.473] [warning] Couldn't find file 'GeomJan01242023\Bone_Segments_Radius.stl'.
[2025-12-17 17:58:29.473] [warning] Couldn't find file 'GeomJan01242023\Bone_Segmentation_Segment_8.stl'.
